<?xml version="1.0" encoding="utf-8"?><testsuites name="pytest tests"><testsuite name="pytest" errors="0" failures="0" skipped="0" tests="33" time="10.829" timestamp="2026-06-05T01:30:13.190421+00:00" hostname="agent-env-2386eac7-f147-46cc-a6d8-ef61d47de812"><testcase classname="backend.tests.test_iteration2.TestCSVImport" name="test_import_csv_valid_and_invalid" time="0.749" /><testcase classname="backend.tests.test_iteration2.TestCSVImport" name="test_import_rejects_non_csv" time="0.047" /><testcase classname="backend.tests.test_iteration2.TestCSVImport" name="test_import_requires_auth" time="0.168" /><testcase classname="backend.tests.test_iteration2.TestDocuments" name="test_upload_list_download_delete" time="1.297" /><testcase classname="backend.tests.test_iteration2.TestDocuments" name="test_upload_to_unknown_lead_404" time="0.058" /><testcase classname="backend.tests.test_iteration2.TestEmployeeStats" name="test_employee_stats_shape" time="0.163" /><testcase classname="backend.tests.test_iteration2.TestEmployeeStats" name="test_employee_stats_404" time="0.054" /><testcase classname="backend.tests.backend_test.TestAuth" name="test_login_success" time="0.349" /><testcase classname="backend.tests.backend_test.TestAuth" name="test_login_sales" time="0.372" /><testcase classname="backend.tests.backend_test.TestAuth" name="test_login_bad_password" time="0.364" /><testcase classname="backend.tests.backend_test.TestAuth" name="test_login_unknown_user" time="0.111" /><testcase classname="backend.tests.backend_test.TestAuth" name="test_me_with_token" time="0.606" /><testcase classname="backend.tests.backend_test.TestAuth" name="test_me_without_token" time="0.098" /><testcase classname="backend.tests.backend_test.TestLeads" name="test_list_leads" time="0.088" /><testcase classname="backend.tests.backend_test.TestLeads" name="test_create_and_get_lead" time="0.289" /><testcase classname="backend.tests.backend_test.TestDashboardReports" name="test_dashboard_stats" time="0.067" /><testcase classname="backend.tests.backend_test.TestDashboardReports" name="test_lead_sources" time="0.057" /><testcase classname="backend.tests.backend_test.TestDashboardReports" name="test_status_funnel" time="0.059" /><testcase classname="backend.tests.backend_test.TestDashboardReports" name="test_weekly_leads" time="0.059" /><testcase classname="backend.tests.backend_test.TestDashboardReports" name="test_employee_performance" time="0.064" /><testcase classname="backend.tests.backend_test.TestTasks" name="test_list_tasks" time="0.058" /><testcase classname="backend.tests.backend_test.TestTasks" name="test_task_crud" time="0.180" /><testcase classname="backend.tests.backend_test.TestCallsAI" name="test_calls_list" time="0.065" /><testcase classname="backend.tests.backend_test.TestCallsAI" name="test_call_create_and_ai_summary" time="3.432" /><testcase classname="backend.tests.backend_test.TestWhatsApp" name="test_conversations" time="0.083" /><testcase classname="backend.tests.backend_test.TestWhatsApp" name="test_send_and_fetch" time="0.208" /><testcase classname="backend.tests.backend_test.TestEmployees" name="test_list_employees" time="0.065" /><testcase classname="backend.tests.backend_test.TestEmployees" name="test_create_employee_admin" time="0.348" /><testcase classname="backend.tests.backend_test.TestEmployees" name="test_sales_cannot_create_employee" time="0.513" /><testcase classname="backend.tests.backend_test.TestMisc" name="test_notifications" time="0.056" /><testcase classname="backend.tests.backend_test.TestMisc" name="test_settings_get" time="0.060" /><testcase classname="backend.tests.backend_test.TestMisc" name="test_settings_update_admin" time="0.065" /><testcase classname="backend.tests.backend_test.TestMisc" name="test_settings_update_non_admin" time="0.483" /></testsuite></testsuites>